[23:37:58] [main/INFO] (FabricLoader/GameProvider) Loading Minecraft 1.19.2 with Fabric Loader 0.14.17
[23:37:58] [main/INFO] (FabricLoader) Loading 47 mods:
	- compactblocksmod 0.0.1-1.19.2
	- fabric-api 0.76.0+1.19.2
	- fabric-api-base 0.4.15+8f4e8eb390
	- fabric-api-lookup-api-v1 1.6.14+93d8cb8290
	- fabric-biome-api-v1 9.1.1+16f1e31390
	- fabric-block-api-v1 1.0.2+e415d50e90
	- fabric-blockrenderlayer-v1 1.1.25+cafc6e8e90
	- fabric-client-tags-api-v1 1.0.5+b35fea8390
	- fabric-command-api-v2 2.2.1+413cbbc790
	- fabric-content-registries-v0 3.5.2+7c6cd14d90
	- fabric-convention-tags-v1 1.3.0+4bc6e26290
	- fabric-crash-report-info-v1 0.2.8+aeb40ebe90
	- fabric-data-generation-api-v1 5.3.8+413cbbc790
	- fabric-dimensions-v1 2.1.35+0d0f210290
	- fabric-entity-events-v1 1.5.4+9244241690
	- fabric-events-interaction-v0 0.4.34+562bff6e90
	- fabric-game-rule-api-v1 1.0.24+b6b6abb490
	- fabric-gametest-api-v1 1.1.8+4d0d570390
	- fabric-item-api-v1 1.6.6+b7d1888890
	- fabric-item-groups-v0 0.3.39+9244241690
	- fabric-key-binding-api-v1 1.0.25+5c4fce2890
	- fabric-lifecycle-events-v1 2.2.4+1b46dc7890
	- fabric-loot-api-v2 1.1.13+83a8659290
	- fabric-message-api-v1 5.0.7+93d8cb8290
	- fabric-mining-level-api-v1 2.1.24+33fbc73890
	- fabric-models-v0 0.3.21+c6af733c90
	- fabric-networking-api-v1 1.2.11+10eb22f490
	- fabric-object-builder-api-v1 4.2.2+d8ef690890
	- fabric-particles-v1 1.0.14+4d0d570390
	- fabric-recipe-api-v1 1.0.1+413cbbc790
	- fabric-registry-sync-v0 0.9.32+9244241690
	- fabric-renderer-api-v1 1.2.1+1adbf27790
	- fabric-renderer-indigo 0.8.0+1adbf27790
	- fabric-rendering-data-attachment-v1 0.3.19+6e0787e690
	- fabric-rendering-fluids-v1 3.0.11+4d0d570390
	- fabric-rendering-v1 1.12.1+d8ef690890
	- fabric-resource-conditions-api-v1 2.1.2+aae9039d90
	- fabric-resource-loader-v0 0.8.4+edbdcddb90
	- fabric-screen-api-v1 1.0.32+4d0d570390
	- fabric-screen-handler-api-v1 1.3.7+1cc24b1b90
	- fabric-sound-api-v1 1.0.2+c4f28df590
	- fabric-textures-v0 1.0.24+aeb40ebe90
	- fabric-transfer-api-v1 2.1.6+413cbbc790
	- fabric-transitive-access-wideners-v1 1.3.3+08b73de490
	- fabricloader 0.14.17
	- java 19
	- minecraft 1.19.2
[23:37:59] [main/INFO] (FabricLoader/Mixin) SpongePowered MIXIN Subsystem Version=0.8.5 Source=file:/C:/Users/liron/.gradle/caches/modules-2/files-2.1/net.fabricmc/sponge-mixin/0.12.4+mixin.0.8.5/e13b4069fe3555969811d4474f78576c707bbe1c/sponge-mixin-0.12.4+mixin.0.8.5.jar Service=Knot/Fabric Env=CLIENT
[23:37:59] [main/INFO] (FabricLoader/Mixin) Loaded Fabric development mappings for mixin remapper!
[23:37:59] [main/INFO] (FabricLoader/Mixin) Compatibility level set to JAVA_16
[23:37:59] [main/INFO] (FabricLoader/Mixin) Compatibility level set to JAVA_17
[23:38:07] [main/INFO] (Minecraft) Building optimized datafixer
[23:38:10] [Render thread/INFO] (Minecraft) [STDERR]: [LWJGL] [ThreadLocalUtil] Unsupported JNI version detected, this may result in a crash. Please inform LWJGL developers.
[23:38:11] [Render thread/INFO] (Minecraft) Environment: authHost='https://authserver.mojang.com', accountsHost='https://api.mojang.com', sessionHost='https://sessionserver.mojang.com', servicesHost='https://api.minecraftservices.com', name='PROD'
[23:38:12] [Render thread/ERROR] (Minecraft) Failed to verify authentication
com.mojang.authlib.exceptions.InvalidCredentialsException: Status: 401
	at com.mojang.authlib.exceptions.MinecraftClientHttpException.toAuthenticationException(MinecraftClientHttpException.java:56) ~[authlib-3.11.49.jar:?]
	at com.mojang.authlib.yggdrasil.YggdrasilUserApiService.fetchProperties(YggdrasilUserApiService.java:155) ~[authlib-3.11.49.jar:?]
	at com.mojang.authlib.yggdrasil.YggdrasilUserApiService.<init>(YggdrasilUserApiService.java:55) ~[authlib-3.11.49.jar:?]
	at com.mojang.authlib.yggdrasil.YggdrasilAuthenticationService.createUserApiService(YggdrasilAuthenticationService.java:161) ~[authlib-3.11.49.jar:?]
	at net.minecraft.client.MinecraftClient.createUserApiService(MinecraftClient.java:699) [minecraft-merged-project-root-1.19.2-net.fabricmc.yarn.1_19_2.1.19.2+build.28-v2.jar:?]
	at net.minecraft.client.MinecraftClient.<init>(MinecraftClient.java:503) [minecraft-merged-project-root-1.19.2-net.fabricmc.yarn.1_19_2.1.19.2+build.28-v2.jar:?]
	at net.minecraft.client.main.Main.main(Main.java:184) [minecraft-merged-project-root-1.19.2-net.fabricmc.yarn.1_19_2.1.19.2+build.28-v2.jar:?]
	at net.minecraft.client.main.Main.main(Main.java:56) [minecraft-merged-project-root-1.19.2-net.fabricmc.yarn.1_19_2.1.19.2+build.28-v2.jar:?]
	at net.fabricmc.loader.impl.game.minecraft.MinecraftGameProvider.launch(MinecraftGameProvider.java:462) [fabric-loader-0.14.17.jar:?]
	at net.fabricmc.loader.impl.launch.knot.Knot.launch(Knot.java:74) [fabric-loader-0.14.17.jar:?]
	at net.fabricmc.loader.impl.launch.knot.KnotClient.main(KnotClient.java:23) [fabric-loader-0.14.17.jar:?]
	at net.fabricmc.devlaunchinjector.Main.main(Main.java:86) [dev-launch-injector-0.2.1+build.8.jar:?]
Caused by: com.mojang.authlib.exceptions.MinecraftClientHttpException: Status: 401
	at com.mojang.authlib.minecraft.client.MinecraftClient.readInputStream(MinecraftClient.java:87) ~[authlib-3.11.49.jar:?]
	at com.mojang.authlib.minecraft.client.MinecraftClient.get(MinecraftClient.java:48) ~[authlib-3.11.49.jar:?]
	at com.mojang.authlib.yggdrasil.YggdrasilUserApiService.fetchProperties(YggdrasilUserApiService.java:129) ~[authlib-3.11.49.jar:?]
	... 10 more
[23:38:12] [Render thread/INFO] (Minecraft) Setting user: Player344
[23:38:12] [Render thread/INFO] (Indigo) [Indigo] Registering Indigo renderer!
[23:38:13] [Render thread/INFO] (Minecraft) Backend library: LWJGL version 3.3.1 SNAPSHOT
[23:38:17] [Render thread/INFO] (Minecraft) Narrator library for x64 successfully loaded
[23:38:17] [Worker-Main-6/ERROR] (Minecraft) Failed to retrieve profile key pair
java.io.IOException: Could not retrieve profile key pair
	at net.minecraft.client.util.ProfileKeys.fetchKeyPair(ProfileKeys.java:175) ~[minecraft-merged-project-root-1.19.2-net.fabricmc.yarn.1_19_2.1.19.2+build.28-v2.jar:?]
	at net.minecraft.client.util.ProfileKeys.method_44291(ProfileKeys.java:79) ~[minecraft-merged-project-root-1.19.2-net.fabricmc.yarn.1_19_2.1.19.2+build.28-v2.jar:?]
	at java.util.concurrent.CompletableFuture$AsyncSupply.run(CompletableFuture.java:1768) [?:?]
	at java.util.concurrent.CompletableFuture$AsyncSupply.exec(CompletableFuture.java:1760) [?:?]
	at java.util.concurrent.ForkJoinTask.doExec(ForkJoinTask.java:387) [?:?]
	at java.util.concurrent.ForkJoinPool$WorkQueue.topLevelExec(ForkJoinPool.java:1311) [?:?]
	at java.util.concurrent.ForkJoinPool.scan(ForkJoinPool.java:1841) [?:?]
	at java.util.concurrent.ForkJoinPool.runWorker(ForkJoinPool.java:1806) [?:?]
	at java.util.concurrent.ForkJoinWorkerThread.run(ForkJoinWorkerThread.java:177) [?:?]
[23:38:17] [Render thread/INFO] (Minecraft) Reloading ResourceManager: Default, Fabric Mods (Fabric Loot API (v2), Fabric Renderer - Indigo, Fabric Rendering Fluids (v1), Compact Blocks Mod, Fabric Entity Events (v1), Fabric Game Test API (v1), Fabric Textures (v0), Fabric Crash Report Info (v1), Fabric Block API (v1), Fabric Resource Conditions API (v1), Fabric Object Builder API (v1), Fabric Particles (v1), Fabric Key Binding API (v1), Fabric Game Rule API (v1), Fabric Screen Handler API (v1), Fabric Renderer API (v1), Fabric Sound API (v1), Fabric Convention Tags, Fabric Resource Loader (v0), Fabric Item Groups (v0), Fabric Command API (v2), Fabric Biome API (v1), Fabric Lifecycle Events (v1), Fabric Models (v0), Fabric Dimensions API (v1), Fabric Loader, Fabric BlockRenderLayer Registration (v1), Fabric Rendering (v1), Fabric Client Tags, Fabric API, Fabric Registry Sync (v0), Fabric API Base, Fabric Mining Level API (v1), Fabric Transfer API (v1), Fabric Rendering Data Attachment (v1), Fabric Events Interaction (v0), Fabric Screen API (v1), Fabric Recipe API (v1), Fabric API Lookup API (v1), Fabric Item API (v1), Fabric Transitive Access Wideners (v1), Fabric Networking API (v1), Fabric Content Registries (v0), Fabric Message API (v1), Fabric Data Generation API (v1))
[23:38:18] [Realms Notification Availability checker #1/INFO] (Minecraft) Could not authorize you against Realms server: Invalid session id
[23:38:20] [Worker-Main-6/WARN] (Minecraft) Unable to resolve texture reference: #missing in compactblocksmod:item/compactor_block
[23:38:20] [Worker-Main-6/WARN] (Minecraft) Unable to resolve texture reference: #missing in compactblocksmod:block/compactor_block
[23:38:21] [Render thread/WARN] (Minecraft) Missing sound for event: minecraft:item.goat_horn.play
[23:38:21] [Render thread/WARN] (Minecraft) Missing sound for event: minecraft:entity.goat.screaming.horn_break
[23:38:21] [Render thread/INFO] (Minecraft) OpenAL initialized on device OpenAL Soft on Speakers (Realtek(R) Audio)
[23:38:21] [Render thread/INFO] (Minecraft) Sound engine started
[23:38:21] [Render thread/INFO] (Minecraft) Created: 1024x1024x4 minecraft:textures/atlas/blocks.png-atlas
[23:38:21] [Render thread/INFO] (Minecraft) Created: 256x128x4 minecraft:textures/atlas/signs.png-atlas
[23:38:21] [Render thread/INFO] (Minecraft) Created: 1024x512x4 minecraft:textures/atlas/banner_patterns.png-atlas
[23:38:21] [Render thread/INFO] (Minecraft) Created: 1024x512x4 minecraft:textures/atlas/shield_patterns.png-atlas
[23:38:21] [Render thread/INFO] (Minecraft) Created: 256x256x4 minecraft:textures/atlas/chest.png-atlas
[23:38:21] [Render thread/INFO] (Minecraft) Created: 512x256x4 minecraft:textures/atlas/beds.png-atlas
[23:38:21] [Render thread/INFO] (Minecraft) Created: 512x256x4 minecraft:textures/atlas/shulker_boxes.png-atlas
[23:38:22] [Render thread/WARN] (Minecraft) Shader rendertype_entity_translucent_emissive could not find sampler named Sampler2 in the specified shader program.
[23:38:22] [Render thread/INFO] (Minecraft) Created: 512x256x0 minecraft:textures/atlas/particles.png-atlas
[23:38:22] [Render thread/INFO] (Minecraft) Created: 256x256x0 minecraft:textures/atlas/paintings.png-atlas
[23:38:22] [Render thread/INFO] (Minecraft) Created: 256x128x0 minecraft:textures/atlas/mob_effects.png-atlas
[23:38:28] [Render thread/INFO] (Minecraft) Loaded 7 recipes
[23:38:29] [Render thread/INFO] (Minecraft) Loaded 1179 advancements
[23:38:29] [Worker-Main-10/ERROR] (Minecraft) Failed to retrieve profile key pair
java.io.IOException: Could not retrieve profile key pair
	at net.minecraft.client.util.ProfileKeys.fetchKeyPair(ProfileKeys.java:175) ~[minecraft-merged-project-root-1.19.2-net.fabricmc.yarn.1_19_2.1.19.2+build.28-v2.jar:?]
	at net.minecraft.client.util.ProfileKeys.method_44291(ProfileKeys.java:79) ~[minecraft-merged-project-root-1.19.2-net.fabricmc.yarn.1_19_2.1.19.2+build.28-v2.jar:?]
	at java.util.concurrent.CompletableFuture$AsyncSupply.run(CompletableFuture.java:1768) [?:?]
	at java.util.concurrent.CompletableFuture$AsyncSupply.exec(CompletableFuture.java:1760) [?:?]
	at java.util.concurrent.ForkJoinTask.doExec(ForkJoinTask.java:387) [?:?]
	at java.util.concurrent.ForkJoinPool$WorkQueue.topLevelExec(ForkJoinPool.java:1311) [?:?]
	at java.util.concurrent.ForkJoinPool.scan(ForkJoinPool.java:1841) [?:?]
	at java.util.concurrent.ForkJoinPool.runWorker(ForkJoinPool.java:1806) [?:?]
	at java.util.concurrent.ForkJoinWorkerThread.run(ForkJoinWorkerThread.java:177) [?:?]
[23:38:30] [Render thread/INFO] (BiomeModificationImpl) Applied 0 biome modifications to 0 of 63 new biomes in 4.143 ms
[23:38:30] [Server thread/INFO] (Minecraft) Starting integrated minecraft server version 1.19.2
[23:38:30] [Server thread/INFO] (Minecraft) Generating keypair
[23:38:30] [Server thread/INFO] (Minecraft) Preparing start region for dimension minecraft:overworld
[23:38:33] [Render thread/INFO] (Minecraft) Preparing spawn area: 0%
[23:38:33] [Render thread/INFO] (Minecraft) Preparing spawn area: 0%
[23:38:33] [Render thread/INFO] (Minecraft) Preparing spawn area: 0%
[23:38:33] [Render thread/INFO] (Minecraft) Preparing spawn area: 0%
[23:38:33] [Render thread/INFO] (Minecraft) Preparing spawn area: 0%
[23:38:33] [Render thread/INFO] (Minecraft) Preparing spawn area: 0%
[23:38:33] [Render thread/INFO] (Minecraft) Preparing spawn area: 0%
[23:38:34] [Render thread/INFO] (Minecraft) Preparing spawn area: 11%
[23:38:34] [Render thread/INFO] (Minecraft) Preparing spawn area: 85%
[23:38:34] [Render thread/INFO] (Minecraft) Time elapsed: 4055 ms
[23:38:34] [Server thread/INFO] (Minecraft) Changing view distance to 12, from 10
[23:38:34] [Server thread/INFO] (Minecraft) Changing simulation distance to 12, from 0
[23:38:36] [Server thread/INFO] (Minecraft) Player344[local:E:de2dd439] logged in with entity id 100 at (-54.32019977993241, 68.0, -29.73560572694882)
[23:38:36] [Server thread/INFO] (Minecraft) Player344 joined the game
[23:38:36] [Server thread/INFO] (Minecraft) Player344 has made the advancement [Getting an Upgrade]
[23:38:36] [Server thread/INFO] (Minecraft) Player344 has made the advancement [Isn't It Iron Pick]
[23:38:38] [Render thread/INFO] (Minecraft) [System] [CHAT] Player344 has made the advancement [Getting an Upgrade]
[23:38:38] [Render thread/INFO] (Minecraft) [System] [CHAT] Player344 has made the advancement [Isn't It Iron Pick]
[23:38:38] [Render thread/INFO] (Minecraft) Loaded 14 advancements
[23:38:40] [Render thread/WARN] (Minecraft) Failed to load texture: compactblocksmod:textures/gui/compactor_block_gui.png
java.io.FileNotFoundException: compactblocksmod:textures/gui/compactor_block_gui.png
	at net.minecraft.resource.ResourceFactory.method_43043(ResourceFactory.java:32) ~[minecraft-merged-project-root-1.19.2-net.fabricmc.yarn.1_19_2.1.19.2+build.28-v2.jar:?]
	at java.util.Optional.orElseThrow(Optional.java:403) ~[?:?]
	at net.minecraft.resource.ResourceFactory.getResourceOrThrow(ResourceFactory.java:32) ~[minecraft-merged-project-root-1.19.2-net.fabricmc.yarn.1_19_2.1.19.2+build.28-v2.jar:?]
	at net.minecraft.client.texture.ResourceTexture$TextureData.load(ResourceTexture.java:61) ~[minecraft-merged-project-root-1.19.2-net.fabricmc.yarn.1_19_2.1.19.2+build.28-v2.jar:?]
	at net.minecraft.client.texture.ResourceTexture.loadTextureData(ResourceTexture.java:61) ~[minecraft-merged-project-root-1.19.2-net.fabricmc.yarn.1_19_2.1.19.2+build.28-v2.jar:?]
	at net.minecraft.client.texture.ResourceTexture.load(ResourceTexture.java:37) ~[minecraft-merged-project-root-1.19.2-net.fabricmc.yarn.1_19_2.1.19.2+build.28-v2.jar:?]
	at net.minecraft.client.texture.TextureManager.loadTexture(TextureManager.java:98) [minecraft-merged-project-root-1.19.2-net.fabricmc.yarn.1_19_2.1.19.2+build.28-v2.jar:?]
	at net.minecraft.client.texture.TextureManager.registerTexture(TextureManager.java:73) [minecraft-merged-project-root-1.19.2-net.fabricmc.yarn.1_19_2.1.19.2+build.28-v2.jar:?]
	at net.minecraft.client.texture.TextureManager.getTexture(TextureManager.java:118) [minecraft-merged-project-root-1.19.2-net.fabricmc.yarn.1_19_2.1.19.2+build.28-v2.jar:?]
	at com.mojang.blaze3d.systems.RenderSystem._setShaderTexture(RenderSystem.java:766) [minecraft-merged-project-root-1.19.2-net.fabricmc.yarn.1_19_2.1.19.2+build.28-v2.jar:?]
	at com.mojang.blaze3d.systems.RenderSystem.setShaderTexture(RenderSystem.java:759) [minecraft-merged-project-root-1.19.2-net.fabricmc.yarn.1_19_2.1.19.2+build.28-v2.jar:?]
	at net.liron.compactblocksmod.screen.CompactorScreen.drawBackground(CompactorScreen.java:35) [main/:?]
	at net.minecraft.client.gui.screen.ingame.HandledScreen.render(HandledScreen.java:103) [minecraft-merged-project-root-1.19.2-net.fabricmc.yarn.1_19_2.1.19.2+build.28-v2.jar:?]
	at net.liron.compactblocksmod.screen.CompactorScreen.render(CompactorScreen.java:52) [main/:?]
	at net.minecraft.client.render.GameRenderer.render(GameRenderer.java:878) [minecraft-merged-project-root-1.19.2-net.fabricmc.yarn.1_19_2.1.19.2+build.28-v2.jar:?]
	at net.minecraft.client.MinecraftClient.render(MinecraftClient.java:1091) [minecraft-merged-project-root-1.19.2-net.fabricmc.yarn.1_19_2.1.19.2+build.28-v2.jar:?]
	at net.minecraft.client.MinecraftClient.run(MinecraftClient.java:749) [minecraft-merged-project-root-1.19.2-net.fabricmc.yarn.1_19_2.1.19.2+build.28-v2.jar:?]
	at net.minecraft.client.main.Main.main(Main.java:216) [minecraft-merged-project-root-1.19.2-net.fabricmc.yarn.1_19_2.1.19.2+build.28-v2.jar:?]
	at net.minecraft.client.main.Main.main(Main.java:56) [minecraft-merged-project-root-1.19.2-net.fabricmc.yarn.1_19_2.1.19.2+build.28-v2.jar:?]
	at net.fabricmc.loader.impl.game.minecraft.MinecraftGameProvider.launch(MinecraftGameProvider.java:462) [fabric-loader-0.14.17.jar:?]
	at net.fabricmc.loader.impl.launch.knot.Knot.launch(Knot.java:74) [fabric-loader-0.14.17.jar:?]
	at net.fabricmc.loader.impl.launch.knot.KnotClient.main(KnotClient.java:23) [fabric-loader-0.14.17.jar:?]
	at net.fabricmc.devlaunchinjector.Main.main(Main.java:86) [dev-launch-injector-0.2.1+build.8.jar:?]
[23:38:55] [Render thread/INFO] (Minecraft) Stopping!
[23:38:55] [Server thread/INFO] (Minecraft) Player344 lost connection: Disconnected
[23:38:55] [Server thread/INFO] (Minecraft) Player344 left the game
[23:38:55] [Server thread/INFO] (Minecraft) Stopping singleplayer server as player logged out
[23:38:55] [Server thread/INFO] (Minecraft) Stopping server
[23:38:55] [Server thread/INFO] (Minecraft) Saving players
[23:38:55] [Server thread/INFO] (Minecraft) Saving worlds
[23:38:56] [Server thread/INFO] (Minecraft) Saving chunks for level 'ServerLevel[New World]'/minecraft:overworld
[23:38:56] [Server thread/INFO] (Minecraft) Saving chunks for level 'ServerLevel[New World]'/minecraft:the_end
[23:38:56] [Server thread/INFO] (Minecraft) Saving chunks for level 'ServerLevel[New World]'/minecraft:the_nether
[23:38:56] [Server thread/INFO] (Minecraft) ThreadedAnvilChunkStorage (New World): All chunks are saved
[23:38:56] [Server thread/INFO] (Minecraft) ThreadedAnvilChunkStorage (DIM1): All chunks are saved
[23:38:56] [Server thread/INFO] (Minecraft) ThreadedAnvilChunkStorage (DIM-1): All chunks are saved
[23:38:56] [Server thread/INFO] (Minecraft) ThreadedAnvilChunkStorage: All dimensions are saved
